==============================================
 Palworld Enterprise Server Installer
==============================================
[INFO] Start Time : Wed Jan  7 06:51:25 AM UTC 2026
[INFO] Executed By: k8s
[INFO] Base Dir   : /home/k8s/PalServer_ent
----------------------------------------------
[OK] Docker already installed.
[OK] Docker Compose already available.
[INFO] paladmin is now available system-wide.
[INFO] Installed -> /usr/local/bin/paladmin
[INFO] Source     -> /home/k8s/PalServer_ent/bin/paladmin.sh
[INSTALL] Starting Web UI (Frontend + Backend)...
 Image ui-paladmin-frontend Building 
 Image ui-paladmin-backend Building 
#1 [internal] load local bake definitions
#1 reading from stdin 1.02kB done
#1 DONE 0.0s

#2 [paladmin-frontend internal] load build definition from Dockerfile
#2 transferring dockerfile: 421B done
#2 DONE 0.2s

#3 [paladmin-backend internal] load build definition from Dockerfile
#3 transferring dockerfile: 418B done
#3 DONE 0.2s

#4 [paladmin-frontend internal] load metadata for docker.io/library/nginx:alpine
#4 DONE 0.0s

#5 [paladmin-backend internal] load metadata for docker.io/library/python:3.11-slim
#5 ...

#6 [paladmin-frontend internal] load metadata for docker.io/library/node:18-alpine
#6 DONE 1.7s

#5 [paladmin-backend internal] load metadata for docker.io/library/python:3.11-slim
#5 DONE 1.8s

#7 [paladmin-frontend internal] load .dockerignore
#7 transferring context: 2B done
#7 DONE 0.2s

#8 [paladmin-frontend build 1/6] FROM docker.io/library/node:18-alpine@sha256:8d6421d663b4c28fd3ebc498332f249011d118945588d0a35cb9bc4b8ca09d9e
#8 DONE 0.0s

#9 [paladmin-frontend stage-1 1/4] FROM docker.io/library/nginx:alpine
#9 DONE 0.0s

#10 [paladmin-frontend internal] load build context
#10 ...

#11 [paladmin-backend internal] load .dockerignore
#11 transferring context: 2B done
#11 DONE 0.2s

#10 [paladmin-frontend internal] load build context
#10 transferring context: 2.01kB done
#10 ...

#12 [paladmin-backend 1/7] FROM docker.io/library/python:3.11-slim@sha256:1dd3dca85e22886e44fcad1bb7ccab6691dfa83db52214cf9e20696e095f3e36
#12 DONE 0.0s

#13 [paladmin-backend internal] load build context
#13 ...

#10 [paladmin-frontend internal] load build context
#10 DONE 4.1s

#13 [paladmin-backend internal] load build context
#13 transferring context: 151B done
#13 DONE 1.0s

#14 [paladmin-frontend stage-1 3/4] COPY --from=build /app/dist /usr/share/nginx/html/admin
#14 CACHED

#15 [paladmin-frontend stage-1 2/4] RUN rm -rf /usr/share/nginx/html/*
#15 CACHED

#16 [paladmin-frontend build 2/6] WORKDIR /app
#16 CACHED

#17 [paladmin-frontend build 3/6] COPY package*.json ./
#17 CACHED

#18 [paladmin-frontend build 6/6] RUN npm run build
#18 CACHED

#19 [paladmin-frontend build 4/6] RUN npm install
#19 CACHED

#20 [paladmin-frontend build 5/6] COPY . .
#20 CACHED

#21 [paladmin-frontend stage-1 4/4] COPY /proxy/nginx.conf /etc/nginx/conf.d/default.conf
#21 CACHED

#22 [paladmin-frontend] exporting to image
#22 exporting layers done
#22 ...

#23 [paladmin-backend 2/7] WORKDIR /app
#23 CACHED

#24 [paladmin-backend 5/7] RUN pip install --no-cache-dir -r requirements.txt
#24 CACHED

#25 [paladmin-backend 3/7] RUN apt-get update &&     apt-get install -y docker-cli docker-compose &&     rm -rf /var/lib/apt/lists/*
#25 CACHED

#26 [paladmin-backend 4/7] COPY requirements.txt .
#26 CACHED

#27 [paladmin-backend 6/7] COPY . .
#27 CACHED

#28 [paladmin-backend 7/7] COPY users.json /app/users.json
#28 CACHED

#22 [paladmin-frontend] exporting to image
#22 writing image sha256:4a10868ec3c426260ab88fd78a2df90958f94f79fa3b3cdaf66229277d39dfb8 0.1s done
#22 naming to docker.io/library/ui-paladmin-frontend
#22 naming to docker.io/library/ui-paladmin-frontend 0.4s done
#22 DONE 0.8s

#29 [paladmin-backend] exporting to image
#29 exporting layers done
#29 writing image sha256:c68aa3e988d708681c1b47bf85e250cfdf4551ac2bb5c20ebd2b8282c2e533bd 0.3s done
#29 naming to docker.io/library/ui-paladmin-backend 0.2s done
#29 DONE 0.6s

#30 [paladmin-backend] resolving provenance for metadata file
#30 DONE 0.0s

#31 [paladmin-frontend] resolving provenance for metadata file
#31 DONE 0.0s
 Image ui-paladmin-backend Built 
 Image ui-paladmin-frontend Built 
 Container paladmin-frontend Recreate 
 Container paladmin-backend Recreate 
 Container paladmin-frontend Recreated 
 Container paladmin-backend Recreated 
 Container paladmin-proxy Recreate 
 Container paladmin-proxy Recreated 
 Container paladmin-frontend Starting 
 Container paladmin-backend Starting 
 Container paladmin-backend Started 
 Container paladmin-frontend Started 
 Container paladmin-proxy Starting 
 Container paladmin-proxy Started 
----------------------------------------------
[SUCCESS] Installation completed successfully.
[INFO] End Time : Wed Jan  7 06:52:52 AM UTC 2026
==============================================
 - Admin CLI : paladmin
 - Web UI    : http://<your-server-ip>:8443
 - Log File  : ./log/palserver-install.log
==============================================
==============================================
 Palworld Enterprise Server Installer
==============================================
[INFO] Start Time : Wed Jan  7 07:12:48 AM UTC 2026
[INFO] Executed By: k8s
[INFO] Base Dir   : /home/k8s/PalServer_ent
----------------------------------------------
[OK] Docker already installed.
[OK] Docker Compose already available.
[INFO] paladmin is now available system-wide.
[INFO] Installed -> /usr/local/bin/paladmin
[INFO] Source     -> /home/k8s/PalServer_ent/bin/paladmin.sh
[INSTALL] Starting Web UI (Frontend + Backend)...
 Image nginx:alpine Pulling 
 1074353eec0d  
 25f453064fd3  
 567f84da6fbd  
 da7c973d8b92  
 33f95a0f3229  
 085c5e5aaa8e  
 0abf9e567266  
 de54cb821236  
 Image nginx:alpine Pulled 
 Image ui-paladmin-backend Building 
 Image ui-paladmin-frontend Building 
#1 [internal] load local bake definitions
#1 reading from stdin 1.02kB done
#1 DONE 0.0s

#2 [paladmin-backend internal] load build definition from Dockerfile
#2 transferring dockerfile: 418B done
#2 DONE 0.2s

#3 [paladmin-frontend internal] load build definition from Dockerfile
#3 transferring dockerfile: 421B done
#3 DONE 0.3s

#4 [paladmin-backend internal] load metadata for docker.io/library/python:3.11-slim
#4 ...

#5 [paladmin-frontend internal] load metadata for docker.io/library/nginx:alpine
#5 DONE 0.0s

#6 [paladmin-frontend internal] load metadata for docker.io/library/node:18-alpine
#6 ...

#4 [paladmin-backend internal] load metadata for docker.io/library/python:3.11-slim
#4 DONE 1.7s

#7 [paladmin-backend internal] load .dockerignore
#7 transferring context: 2B done
#7 DONE 1.1s

#6 [paladmin-frontend internal] load metadata for docker.io/library/node:18-alpine
#6 DONE 2.8s

#8 [paladmin-backend 1/7] FROM docker.io/library/python:3.11-slim@sha256:1dd3dca85e22886e44fcad1bb7ccab6691dfa83db52214cf9e20696e095f3e36
#8 DONE 0.0s

#9 [paladmin-backend internal] load build context
#9 transferring context: 151B done
#9 DONE 0.6s

#10 [paladmin-frontend internal] load .dockerignore
#10 transferring context: 2B done
#10 DONE 0.7s

#11 [paladmin-backend 4/7] COPY requirements.txt .
#11 CACHED

#12 [paladmin-backend 6/7] COPY . .
#12 CACHED

#13 [paladmin-backend 3/7] RUN apt-get update &&     apt-get install -y docker-cli docker-compose &&     rm -rf /var/lib/apt/lists/*
#13 CACHED

#14 [paladmin-backend 5/7] RUN pip install --no-cache-dir -r requirements.txt
#14 CACHED

#15 [paladmin-backend 2/7] WORKDIR /app
#15 CACHED

#16 [paladmin-backend 7/7] COPY users.json /app/users.json
#16 CACHED

#17 [paladmin-frontend build 1/6] FROM docker.io/library/node:18-alpine@sha256:8d6421d663b4c28fd3ebc498332f249011d118945588d0a35cb9bc4b8ca09d9e
#17 DONE 0.0s

#18 [paladmin-frontend stage-1 1/4] FROM docker.io/library/nginx:alpine
#18 DONE 0.0s

#19 [paladmin-backend] exporting to image
#19 exporting layers done
#19 writing image sha256:c68aa3e988d708681c1b47bf85e250cfdf4551ac2bb5c20ebd2b8282c2e533bd 0.1s done
#19 naming to docker.io/library/ui-paladmin-backend
#19 naming to docker.io/library/ui-paladmin-backend 0.2s done
#19 DONE 0.3s

#20 [paladmin-frontend internal] load build context
#20 transferring context: 2.01kB done
#20 DONE 0.3s

#21 [paladmin-frontend build 3/6] COPY package*.json ./
#21 CACHED

#22 [paladmin-frontend stage-1 2/4] RUN rm -rf /usr/share/nginx/html/*
#22 CACHED

#23 [paladmin-frontend stage-1 3/4] COPY --from=build /app/dist /usr/share/nginx/html/admin
#23 CACHED

#24 [paladmin-frontend build 4/6] RUN npm install
#24 CACHED

#25 [paladmin-frontend build 5/6] COPY . .
#25 CACHED

#26 [paladmin-frontend build 6/6] RUN npm run build
#26 CACHED

#27 [paladmin-frontend build 2/6] WORKDIR /app
#27 CACHED

#28 [paladmin-frontend stage-1 4/4] COPY /proxy/nginx.conf /etc/nginx/conf.d/default.conf
#28 CACHED

#29 [paladmin-frontend] exporting to image
#29 exporting layers done
#29 writing image sha256:4a10868ec3c426260ab88fd78a2df90958f94f79fa3b3cdaf66229277d39dfb8 0.1s done
#29 naming to docker.io/library/ui-paladmin-frontend
#29 naming to docker.io/library/ui-paladmin-frontend 0.2s done
#29 DONE 0.4s

#30 [paladmin-backend] resolving provenance for metadata file
#30 DONE 0.0s

#31 [paladmin-frontend] resolving provenance for metadata file
#31 DONE 0.0s
 Image ui-paladmin-backend Built 
 Image ui-paladmin-frontend Built 
 Network ui_default Creating 
 Network ui_default Created 
 Container paladmin-frontend Creating 
 Container paladmin-backend Creating 
 Container paladmin-frontend Created 
 Container paladmin-backend Created 
 Container paladmin-proxy Creating 
 Container paladmin-proxy Created 
 Container paladmin-frontend Starting 
 Container paladmin-backend Starting 
 Container paladmin-backend Started 
 Container paladmin-frontend Started 
 Container paladmin-proxy Starting 
 Container paladmin-proxy Started 
----------------------------------------------
Do you want to build Palworld server image now? (y/N): [SKIP] Image build skipped.
----------------------------------------------
[SUCCESS] Installation completed successfully.
[INFO] End Time : Wed Jan  7 07:13:18 AM UTC 2026
==============================================
 - Admin CLI : paladmin
 - Web UI    : http://<your-server-ip>:8443
 - Log File  : ./log/palserver-install.log
==============================================
==============================================
 Palworld Enterprise Server Installer
==============================================
[INFO] Start Time : Wed Jan  7 07:14:25 AM UTC 2026
[INFO] Executed By: k8s
[INFO] Base Dir   : /home/k8s/PalServer_ent
----------------------------------------------
[OK] Docker already installed.
[OK] Docker Compose already available.
[INFO] paladmin is now available system-wide.
[INFO] Installed -> /usr/local/bin/paladmin
[INFO] Source     -> /home/k8s/PalServer_ent/bin/paladmin.sh
[INSTALL] Starting Web UI (Frontend + Backend)...
 Image ui-paladmin-frontend Building 
 Image ui-paladmin-backend Building 
#1 [internal] load local bake definitions
#1 reading from stdin 1.02kB done
#1 DONE 0.0s

#2 [paladmin-frontend internal] load build definition from Dockerfile
#2 DONE 0.0s

#2 [paladmin-frontend internal] load build definition from Dockerfile
#2 transferring dockerfile: 421B done
#2 DONE 0.2s

#3 [paladmin-backend internal] load build definition from Dockerfile
#3 transferring dockerfile: 418B done
#3 DONE 0.2s

#4 [paladmin-frontend internal] load metadata for docker.io/library/nginx:alpine
#4 DONE 0.0s

#5 [paladmin-backend internal] load metadata for docker.io/library/python:3.11-slim
#5 ...

#6 [paladmin-frontend internal] load metadata for docker.io/library/node:18-alpine
#6 DONE 2.2s

#5 [paladmin-backend internal] load metadata for docker.io/library/python:3.11-slim
#5 DONE 2.2s

#7 [paladmin-backend internal] load .dockerignore
#7 transferring context:
#7 ...

#8 [paladmin-frontend internal] load .dockerignore
#8 transferring context: 2B done
#8 DONE 0.2s

#7 [paladmin-backend internal] load .dockerignore
#7 transferring context: 2B done
#7 DONE 0.3s

#9 [paladmin-frontend build 1/6] FROM docker.io/library/node:18-alpine@sha256:8d6421d663b4c28fd3ebc498332f249011d118945588d0a35cb9bc4b8ca09d9e
#9 DONE 0.0s

#10 [paladmin-frontend stage-1 1/4] FROM docker.io/library/nginx:alpine
#10 DONE 0.0s

#11 [paladmin-frontend internal] load build context
#11 transferring context: 2.01kB done
#11 DONE 0.3s

#12 [paladmin-backend 1/7] FROM docker.io/library/python:3.11-slim@sha256:1dd3dca85e22886e44fcad1bb7ccab6691dfa83db52214cf9e20696e095f3e36
#12 DONE 0.0s

#13 [paladmin-backend internal] load build context
#13 transferring context: 151B done
#13 DONE 0.2s

#14 [paladmin-backend 2/7] WORKDIR /app
#14 CACHED

#15 [paladmin-backend 3/7] RUN apt-get update &&     apt-get install -y docker-cli docker-compose &&     rm -rf /var/lib/apt/lists/*
#15 CACHED

#16 [paladmin-backend 6/7] COPY . .
#16 CACHED

#17 [paladmin-backend 4/7] COPY requirements.txt .
#17 CACHED

#18 [paladmin-backend 5/7] RUN pip install --no-cache-dir -r requirements.txt
#18 CACHED

#19 [paladmin-backend 7/7] COPY users.json /app/users.json
#19 CACHED

#20 [paladmin-frontend build 5/6] COPY . .
#20 CACHED

#21 [paladmin-frontend build 6/6] RUN npm run build
#21 CACHED

#22 [paladmin-frontend build 2/6] WORKDIR /app
#22 CACHED

#23 [paladmin-frontend build 4/6] RUN npm install
#23 CACHED

#24 [paladmin-frontend build 3/6] COPY package*.json ./
#24 CACHED

#25 [paladmin-frontend stage-1 3/4] COPY --from=build /app/dist /usr/share/nginx/html/admin
#25 CACHED

#26 [paladmin-frontend stage-1 2/4] RUN rm -rf /usr/share/nginx/html/*
#26 CACHED

#27 [paladmin-frontend stage-1 4/4] COPY /proxy/nginx.conf /etc/nginx/conf.d/default.conf
#27 CACHED

#28 [paladmin-backend] exporting to image
#28 exporting layers done
#28 writing image sha256:c68aa3e988d708681c1b47bf85e250cfdf4551ac2bb5c20ebd2b8282c2e533bd 0.1s done
#28 naming to docker.io/library/ui-paladmin-backend
#28 ...

#29 [paladmin-frontend] exporting to image
#29 exporting layers done
#29 writing image sha256:4a10868ec3c426260ab88fd78a2df90958f94f79fa3b3cdaf66229277d39dfb8 0.1s done
#29 naming to docker.io/library/ui-paladmin-frontend 0.1s done
#29 DONE 0.3s

#28 [paladmin-backend] exporting to image
#28 naming to docker.io/library/ui-paladmin-backend 0.0s done
#28 DONE 0.3s

#30 [paladmin-frontend] resolving provenance for metadata file
#30 DONE 0.0s

#31 [paladmin-backend] resolving provenance for metadata file
#31 DONE 0.0s
 Image ui-paladmin-backend Built 
 Image ui-paladmin-frontend Built 
 Container paladmin-frontend Recreate 
 Container paladmin-backend Recreate 
 Container paladmin-frontend Recreated 
 Container paladmin-backend Recreated 
 Container paladmin-proxy Recreate 
 Container paladmin-proxy Recreated 
 Container paladmin-frontend Starting 
 Container paladmin-backend Starting 
 Container paladmin-frontend Started 
 Container paladmin-backend Started 
 Container paladmin-proxy Starting 
 Container paladmin-proxy Started 
----------------------------------------------
Do you want to build Palworld server image now? (y/N): Enter image version (ex: v0.0.1): [BUILD] Building Palworld image version: v0.0.1
[WARNING] Version v0.0.1 already exists at:
  ../offline_repo/v0.0.1
Do you want to overwrite it? (y/n)
[INFO] Removing existing version directory...
[WARNING] Building version v0.0.1, which is older than the latest version: v0.0.3
Continue? (y/n)
[BUILD] Building Palworld Docker Image (palworld_server_steam:v0.0.1)...
#0 building with "default" instance using docker driver

#1 [internal] load build definition from Dockerfile
#1 transferring dockerfile: 2.29kB done
#1 DONE 0.1s

#2 [internal] load metadata for docker.io/library/debian:bookworm-slim
#2 DONE 2.6s

#3 [internal] load .dockerignore
#3 transferring context: 2B done
#3 DONE 0.1s

#4 [ 1/15] FROM docker.io/library/debian:bookworm-slim@sha256:d5d3f9c23164ea16f31852f95bd5959aad1c5e854332fe00f7b3a20fcc9f635c
#4 DONE 0.0s

#5 [ 6/15] WORKDIR /home/steam
#5 CACHED

#6 [ 2/15] RUN dpkg --add-architecture i386 &&     apt-get update && apt-get install -y     ca-certificates     wget     curl     unzip     lib32gcc-s1     lib32stdc++6     libssl3     libcurl4     locales     file     tree     procps     bash     && rm -rf /var/lib/apt/lists/*
#6 CACHED

#7 [ 3/15] RUN sed -i 's/# en_US.UTF-8 UTF-8/en_US.UTF-8 UTF-8/' /etc/locale.gen &&     locale-gen
#7 CACHED

#8 [ 4/15] RUN useradd -m -u 1000 steam
#8 CACHED

#9 [ 5/15] RUN mkdir -p /home/steam/palworld /home/steam/steamcmd  && chown -R steam:steam /home/steam
#9 CACHED

#10 [ 7/15] RUN curl -fsSL https://steamcdn-a.akamaihd.net/client/installer/steamcmd_linux.tar.gz     | tar -xz -C /home/steam/steamcmd
#10 CACHED

#11 [internal] load build context
#11 transferring context: 35B done
#11 DONE 0.2s

#12 [ 8/15] RUN /home/steam/steamcmd/steamcmd.sh +force_install_dir /home/steam/palworld       +login anonymous       +app_update 2394010  validate       +quit
#12 10.28 Redirecting stderr to '/home/steam/Steam/logs/stderr.txt'
#12 10.28 ILocalize::AddFile() failed to load file "public/steambootstrapper_english.txt".
#12 10.28 [  0%] Checking for available update...
#12 10.28 [----] Downloading update (0 of 36,113 KB)...
#12 10.28 [  0%] Downloading update (0 of 36,113 KB)...
#12 10.28 [  0%] Downloading update (0 of 36,113 KB)...
#12 10.28 [  0%] Downloading update (2,169 of 36,113 KB)...
#12 10.28 [  6%] Downloading update (4,822 of 36,113 KB)...
#12 10.28 [ 13%] Downloading update (7,900 of 36,113 KB)...
#12 10.28 [ 21%] Downloading update (10,432 of 36,113 KB)...
#12 10.28 [ 28%] Downloading update (12,821 of 36,113 KB)...
#12 10.28 [ 35%] Downloading update (15,058 of 36,113 KB)...
#12 10.28 [ 41%] Downloading update (17,243 of 36,113 KB)...
#12 10.28 [ 47%] Downloading update (19,683 of 36,113 KB)...
#12 10.28 [ 54%] Downloading update (21,895 of 36,113 KB)...
#12 10.28 [ 60%] Downloading update (24,089 of 36,113 KB)...
#12 10.28 [ 66%] Downloading update (25,519 of 36,113 KB)...
#12 10.28 [ 70%] Downloading update (26,873 of 36,113 KB)...
#12 10.28 [ 74%] Downloading update (27,970 of 36,113 KB)...
#12 10.28 [ 77%] Downloading update (29,008 of 36,113 KB)...
#12 10.28 [ 80%] Downloading update (30,282 of 36,113 KB)...
#12 10.28 [ 83%] Downloading update (31,404 of 36,113 KB)...
#12 10.28 [ 86%] Downloading update (34,204 of 36,113 KB)...
#12 10.28 [ 94%] Downloading update (35,331 of 36,113 KB)...
#12 10.28 [ 97%] Downloading update (36,113 of 36,113 KB)...
#12 10.28 [100%] Download Complete.
#12 10.28 [----] Applying update...
#12 10.28 [----] Extracting package...
#12 10.28 [----] Extracting package...
#12 10.28 [----] Extracting package...
#12 10.28 [----] Extracting package...
#12 10.28 [----] Installing update...
#12 10.28 [----] Installing update...
#12 10.28 [----] Installing update...
#12 10.28 [----] Installing update...
#12 10.28 [----] Installing update...
#12 10.28 [----] Installing update...
#12 10.28 [----] Installing update...
#12 10.28 [----] Installing update...
#12 10.28 [----] Installing update...
#12 10.28 [----] Cleaning up...
#12 10.28 [----] Update complete, launching...
#12 18.05 Redirecting stderr to '/home/steam/Steam/logs/stderr.txt'
#12 18.05 Logging directory: '/home/steam/Steam/logs'
#12 18.05 [  0%] Checking for available updates...
#12 18.05 [----] Verifying installation...
#12 18.05 [  0%] Downloading update...
#12 18.05 [  0%] Checking for available updates...
#12 18.05 [----] Download complete.
#12 18.05 [----] Extracting package...
#12 18.05 [----] Extracting package...
#12 18.05 [----] Extracting package...
#12 18.05 [----] Extracting package...
#12 18.05 [----] Installing update...
#12 18.05 [----] Installing update...
#12 18.05 [----] Installing update...
#12 18.05 [----] Installing update...
#12 18.05 [----] Installing update...
#12 18.05 [----] Installing update...
#12 18.05 [----] Installing update...
#12 18.05 [----] Installing update...
#12 18.05 [----] Installing update...
#12 18.05 [----] Cleaning up...
#12 18.05 [----] Update complete, launching Steamcmd...
#12 18.05 UpdateUI: skip show logo
#12 18.05 steamcmd.sh[7]: Restarting steamcmd by request...
#12 21.47 Redirecting stderr to '/home/steam/Steam/logs/stderr.txt'
#12 21.47 Logging directory: '/home/steam/Steam/logs'
#12 21.47 [  0%] Checking for available updates...
#12 21.47 [----] Verifying installation...
#12 21.47 UpdateUI: skip show logo
#12 21.47 Steam Console Client (c) Valve Corporation - version 1766451518
#12 21.47 -- type 'quit' to exit --
#12 21.47 Loading Steam API...[0mOK
#12 24.54 [0mIPC function call IClientAppManager::ForceInstallDirOverride took too long: 89 msec
#12 24.70 
#12 24.70 Connecting anonymously to Steam Public...[0mOK
#12 26.06 [0mWaiting for client config...[0mOK
#12 27.29 [0mWaiting for user info...[0mOK
#12 32.12 [0m Update state (0x61) downloading, progress: 0.00 (0 / 3808337975)
#12 34.81 [0m Update state (0x61) downloading, progress: 1.15 (43762144 / 3808337975)
#12 36.81 [0m Update state (0x61) downloading, progress: 2.81 (106863076 / 3808337975)
#12 38.82 [0m Update state (0x61) downloading, progress: 4.06 (154790481 / 3808337975)
#12 40.82 [0m Update state (0x61) downloading, progress: 6.49 (247152815 / 3808337975)
#12 42.83 [0m Update state (0x61) downloading, progress: 8.69 (330972847 / 3808337975)
#12 44.84 [0m Update state (0x61) downloading, progress: 10.09 (384450223 / 3808337975)
#12 46.84 [0m Update state (0x61) downloading, progress: 11.33 (431636143 / 3808337975)
#12 48.85 [0m Update state (0x61) downloading, progress: 14.66 (558409609 / 3808337975)
#12 50.86 [0m Update state (0x61) downloading, progress: 16.02 (610004205 / 3808337975)
#12 52.86 [0m Update state (0x61) downloading, progress: 16.64 (633648468 / 3808337975)
#12 54.87 [0m Update state (0x61) downloading, progress: 17.21 (655527333 / 3808337975)
#12 56.87 [0m Update state (0x61) downloading, progress: 17.94 (683146784 / 3808337975)
#12 58.88 [0m Update state (0x61) downloading, progress: 18.59 (707863783 / 3808337975)
#12 60.89 [0m Update state (0x61) downloading, progress: 19.11 (727787044 / 3808337975)
#12 62.89 [0m Update state (0x61) downloading, progress: 19.83 (755068040 / 3808337975)
#12 64.90 [0m Update state (0x61) downloading, progress: 20.45 (778936400 / 3808337975)
#12 66.91 [0m Update state (0x61) downloading, progress: 21.13 (804558904 / 3808337975)
#12 68.91 [0m Update state (0x61) downloading, progress: 21.74 (828043820 / 3808337975)
#12 70.92 [0m Update state (0x61) downloading, progress: 22.42 (853917043 / 3808337975)
#12 72.92 [0m Update state (0x61) downloading, progress: 23.08 (879075114 / 3808337975)
#12 74.93 [0m Update state (0x61) downloading, progress: 23.08 (879075114 / 3808337975)
#12 76.94 [0m Update state (0x61) downloading, progress: 24.39 (928863223 / 3808337975)
#12 78.94 [0m Update state (0x61) downloading, progress: 24.75 (942494692 / 3808337975)
#12 80.95 [0m Update state (0x61) downloading, progress: 24.75 (942494692 / 3808337975)
#12 82.96 [0m Update state (0x61) downloading, progress: 24.75 (942494692 / 3808337975)
#12 84.96 [0m Update state (0x61) downloading, progress: 24.75 (942494692 / 3808337975)
#12 86.97 [0m Update state (0x61) downloading, progress: 24.75 (942494692 / 3808337975)
#12 88.97 [0m Update state (0x61) downloading, progress: 24.75 (942494692 / 3808337975)
#12 90.98 [0m Update state (0x61) downloading, progress: 24.75 (942494692 / 3808337975)
#12 92.99 [0m Update state (0x61) downloading, progress: 29.23 (1113250567 / 3808337975)
#12 94.99 [0m Update state (0x61) downloading, progress: 29.81 (1135270657 / 3808337975)
#12 97.00 [0m Update state (0x61) downloading, progress: 30.36 (1156244032 / 3808337975)
#12 99.00 [0m Update state (0x61) downloading, progress: 30.97 (1179312640 / 3808337975)
#12 101.0 [0m Update state (0x61) downloading, progress: 31.49 (1199235367 / 3808337975)
#12 103.0 [0m Update state (0x61) downloading, progress: 32.07 (1221255439 / 3808337975)
#12 105.0 [0m Update state (0x61) downloading, progress: 32.62 (1242328946 / 3808337975)
#12 107.0 [0m Update state (0x61) downloading, progress: 33.03 (1258057575 / 3808337975)
#12 109.0 [0m Update state (0x61) downloading, progress: 33.72 (1284271949 / 3808337975)
#12 111.0 [0m Update state (0x61) downloading, progress: 34.25 (1304194870 / 3808337975)
#12 113.0 [0m Update state (0x61) downloading, progress: 34.63 (1318874927 / 3808337975)
#12 115.1 [0m Update state (0x61) downloading, progress: 34.63 (1318874927 / 3808337975)
#12 117.1 [0m Update state (0x61) downloading, progress: 35.99 (1370615108 / 3808337975)
#12 119.1 [0m Update state (0x61) downloading, progress: 36.51 (1390538052 / 3808337975)
#12 121.1 [0m Update state (0x61) downloading, progress: 37.13 (1414112679 / 3808337975)
#12 123.1 [0m Update state (0x61) downloading, progress: 37.66 (1434035624 / 3808337975)
#12 125.1 [0m Update state (0x61) downloading, progress: 38.32 (1459206451 / 3808337975)
#12 127.1 [0m Update state (0x61) downloading, progress: 39.00 (1485420845 / 3808337975)
#12 129.1 [0m Update state (0x61) downloading, progress: 39.53 (1505343787 / 3808337975)
#12 131.1 [0m Update state (0x61) downloading, progress: 40.05 (1525266460 / 3808337975)
#12 133.1 [0m Update state (0x61) downloading, progress: 40.35 (1536800744 / 3808337975)
#12 135.1 [0m Update state (0x61) downloading, progress: 40.35 (1536800744 / 3808337975)
#12 137.1 [0m Update state (0x61) downloading, progress: 40.35 (1536800744 / 3808337975)
#12 139.1 [0m Update state (0x61) downloading, progress: 40.35 (1536800744 / 3808337975)
#12 141.1 [0m Update state (0x61) downloading, progress: 40.35 (1536800744 / 3808337975)
#12 143.1 [0m Update state (0x61) downloading, progress: 40.35 (1536800744 / 3808337975)
#12 145.1 [0m Update state (0x61) downloading, progress: 40.35 (1536800744 / 3808337975)
#12 147.1 [0m Update state (0x61) downloading, progress: 40.35 (1536800744 / 3808337975)
#12 149.2 [0m Update state (0x61) downloading, progress: 45.33 (1726422303 / 3808337975)
#12 151.2 [0m Update state (0x61) downloading, progress: 46.05 (1753685278 / 3808337975)
#12 153.2 [0m Update state (0x61) downloading, progress: 46.08 (1754733854 / 3808337975)
#12 155.2 [0m Update state (0x61) downloading, progress: 47.18 (1796677453 / 3808337975)
#12 157.2 [0m Update state (0x61) downloading, progress: 47.70 (1816600397 / 3808337975)
#12 159.2 [0m Update state (0x61) downloading, progress: 48.38 (1842548243 / 3808337975)
#12 161.2 [0m Update state (0x61) downloading, progress: 48.87 (1861193930 / 3808337975)
#12 163.2 [0m Update state (0x61) downloading, progress: 49.56 (1887408345 / 3808337975)
#12 165.2 [0m Update state (0x61) downloading, progress: 50.14 (1909428427 / 3808337975)
#12 167.2 [0m Update state (0x61) downloading, progress: 50.17 (1910477003 / 3808337975)
#12 169.2 [0m Update state (0x61) downloading, progress: 51.27 (1952420044 / 3808337975)
#12 171.2 [0m Update state (0x61) downloading, progress: 51.87 (1975488715 / 3808337975)
#12 173.2 [0m Update state (0x61) downloading, progress: 52.42 (1996460242 / 3808337975)
#12 175.2 [0m Update state (0x61) downloading, progress: 52.95 (2016383186 / 3808337975)
#12 177.2 [0m Update state (0x61) downloading, progress: 53.58 (2040500430 / 3808337975)
#12 179.2 [0m Update state (0x61) downloading, progress: 53.97 (2055180508 / 3808337975)
#12 181.3 [0m Update state (0x61) downloading, progress: 53.97 (2055180508 / 3808337975)
#12 183.3 [0m Update state (0x61) downloading, progress: 55.40 (2109706459 / 3808337975)
#12 185.3 [0m Update state (0x61) downloading, progress: 55.95 (2130677978 / 3808337975)
#12 187.3 [0m Update state (0x61) downloading, progress: 55.95 (2130677978 / 3808337975)
#12 189.3 [0m Update state (0x61) downloading, progress: 55.95 (2130677978 / 3808337975)
#12 191.3 [0m Update state (0x61) downloading, progress: 55.95 (2130677978 / 3808337975)
#12 193.3 [0m Update state (0x61) downloading, progress: 55.95 (2130677978 / 3808337975)
#12 195.3 [0m Update state (0x61) downloading, progress: 55.95 (2130677978 / 3808337975)
#12 197.3 [0m Update state (0x61) downloading, progress: 55.95 (2130677978 / 3808337975)
#12 199.3 [0m Update state (0x61) downloading, progress: 55.95 (2130677978 / 3808337975)
#12 201.3 [0m Update state (0x61) downloading, progress: 55.95 (2130677978 / 3808337975)
#12 203.3 [0m Update state (0x61) downloading, progress: 55.95 (2130677978 / 3808337975)
#12 205.3 [0m Update state (0x61) downloading, progress: 55.95 (2130677978 / 3808337975)
#12 207.3 [0m Update state (0x61) downloading, progress: 55.95 (2130677978 / 3808337975)
#12 209.3 [0m Update state (0x61) downloading, progress: 55.95 (2130677978 / 3808337975)
#12 211.3 [0m Update state (0x61) downloading, progress: 55.95 (2130677978 / 3808337975)
#12 213.4 [0m Update state (0x61) downloading, progress: 55.95 (2130677978 / 3808337975)
#12 215.4 [0m Update state (0x61) downloading, progress: 55.95 (2130677978 / 3808337975)
#12 217.4 [0m Update state (0x61) downloading, progress: 55.95 (2130677978 / 3808337975)
#12 219.4 [0m Update state (0x61) downloading, progress: 55.95 (2130677978 / 3808337975)
#12 221.4 [0m Update state (0x61) downloading, progress: 55.95 (2130677978 / 3808337975)
#12 223.4 [0m Update state (0x61) downloading, progress: 55.95 (2130677978 / 3808337975)
#12 225.4 [0m Update state (0x61) downloading, progress: 55.95 (2130677978 / 3808337975)
#12 227.4 [0m Update state (0x61) downloading, progress: 55.95 (2130677978 / 3808337975)
#12 229.4 [0m Update state (0x61) downloading, progress: 55.95 (2130677978 / 3808337975)
#12 231.4 [0m Update state (0x61) downloading, progress: 55.95 (2130677978 / 3808337975)
#12 233.4 [0m Update state (0x61) downloading, progress: 55.95 (2130677978 / 3808337975)
#12 235.4 [0m Update state (0x61) downloading, progress: 55.95 (2130677978 / 3808337975)
#12 237.4 [0m Update state (0x61) downloading, progress: 55.95 (2130677978 / 3808337975)
#12 239.4 [0m Update state (0x61) downloading, progress: 55.95 (2130677978 / 3808337975)
#12 241.4 [0m Update state (0x61) downloading, progress: 55.95 (2130677978 / 3808337975)
#12 243.5 [0m Update state (0x61) downloading, progress: 55.95 (2130677978 / 3808337975)
#12 245.5 [0m Update state (0x61) downloading, progress: 55.95 (2130677978 / 3808337975)
#12 247.5 [0m Update state (0x61) downloading, progress: 55.95 (2130677978 / 3808337975)
#12 249.5 [0m Update state (0x61) downloading, progress: 55.95 (2130677978 / 3808337975)
#12 251.5 [0m Update state (0x61) downloading, progress: 63.05 (2401193963 / 3808337975)
#12 253.5 [0m Update state (0x61) downloading, progress: 63.49 (2417971181 / 3808337975)
#12 255.5 [0m Update state (0x61) downloading, progress: 63.90 (2433699923 / 3808337975)
#12 257.5 [0m Update state (0x61) downloading, progress: 64.40 (2452574384 / 3808337975)
#12 259.5 [0m Update state (0x61) downloading, progress: 64.92 (2472497323 / 3808337975)
#12 261.5 [0m Update state (0x61) downloading, progress: 65.39 (2490323120 / 3808337975)
#12 263.5 [0m Update state (0x61) downloading, progress: 65.97 (2512397377 / 3808337975)
#12 265.5 [0m Update state (0x61) downloading, progress: 66.55 (2534415835 / 3808337975)
#12 267.5 [0m Update state (0x61) downloading, progress: 67.02 (2552240870 / 3808337975)
#12 269.5 [0m Update state (0x61) downloading, progress: 67.02 (2552240870 / 3808337975)
#12 271.5 [0m Update state (0x61) downloading, progress: 67.02 (2552240870 / 3808337975)
#12 273.6 [0m Update state (0x61) downloading, progress: 67.02 (2552240870 / 3808337975)
#12 275.6 [0m Update state (0x61) downloading, progress: 67.02 (2552240870 / 3808337975)
#12 277.6 [0m Update state (0x61) downloading, progress: 67.02 (2552240870 / 3808337975)
#12 279.6 [0m Update state (0x61) downloading, progress: 67.02 (2552240870 / 3808337975)
#12 281.6 [0m Update state (0x61) downloading, progress: 71.17 (2710575936 / 3808337975)
#12 283.6 [0m Update state (0x61) downloading, progress: 71.75 (2732596032 / 3808337975)
#12 285.6 [0m Update state (0x61) downloading, progress: 72.36 (2755664706 / 3808337975)
#12 287.6 [0m Update state (0x61) downloading, progress: 73.02 (2780756797 / 3808337975)
#12 289.6 [0m Update state (0x61) downloading, progress: 73.10 (2783902525 / 3808337975)
#12 291.6 [0m Update state (0x61) downloading, progress: 74.15 (2823748395 / 3808337975)
#12 293.6 [0m Update state (0x61) downloading, progress: 74.70 (2844719928 / 3808337975)
#12 295.6 [0m Update state (0x61) downloading, progress: 74.70 (2844719928 / 3808337975)
#12 297.6 [0m Update state (0x61) downloading, progress: 74.70 (2844719928 / 3808337975)
#12 299.6 [0m Update state (0x61) downloading, progress: 74.70 (2844719928 / 3808337975)
#12 301.6 [0m Update state (0x61) downloading, progress: 74.70 (2844719928 / 3808337975)
#12 303.6 [0m Update state (0x61) downloading, progress: 74.70 (2844719928 / 3808337975)
#12 305.6 [0m Update state (0x61) downloading, progress: 74.70 (2844719928 / 3808337975)
#12 307.7 [0m Update state (0x61) downloading, progress: 74.70 (2844719928 / 3808337975)
#12 309.7 [0m Update state (0x61) downloading, progress: 74.70 (2844719928 / 3808337975)
#12 311.7 [0m Update state (0x61) downloading, progress: 74.70 (2844719928 / 3808337975)
#12 313.7 [0m Update state (0x61) downloading, progress: 74.70 (2844719928 / 3808337975)
#12 315.7 [0m Update state (0x61) downloading, progress: 74.70 (2844719928 / 3808337975)
#12 317.7 [0m Update state (0x61) downloading, progress: 74.70 (2844719928 / 3808337975)
#12 319.7 [0m Update state (0x61) downloading, progress: 81.84 (3116811105 / 3808337975)
#12 321.7 [0m Update state (0x61) downloading, progress: 82.01 (3123102561 / 3808337975)
#12 323.7 [0m Update state (0x61) downloading, progress: 82.01 (3123102561 / 3808337975)
#12 325.7 [0m Update state (0x61) downloading, progress: 82.01 (3123102561 / 3808337975)
#12 327.7 [0m Update state (0x61) downloading, progress: 82.01 (3123102561 / 3808337975)
#12 329.7 [0m Update state (0x61) downloading, progress: 82.01 (3123102561 / 3808337975)
#12 331.7 [0m Update state (0x61) downloading, progress: 82.01 (3123102561 / 3808337975)
#12 333.7 [0m Update state (0x61) downloading, progress: 82.01 (3123102561 / 3808337975)
#12 335.7 [0m Update state (0x61) downloading, progress: 82.01 (3123102561 / 3808337975)
#12 337.7 [0m Update state (0x61) downloading, progress: 82.01 (3123102561 / 3808337975)
#12 339.8 [0m Update state (0x61) downloading, progress: 82.01 (3123102561 / 3808337975)
#12 341.8 [0m Update state (0x61) downloading, progress: 82.01 (3123102561 / 3808337975)
#12 343.8 [0m Update state (0x61) downloading, progress: 82.01 (3123102561 / 3808337975)
#12 345.8 [0m Update state (0x61) downloading, progress: 82.01 (3123102561 / 3808337975)
#12 347.8 [0m Update state (0x61) downloading, progress: 82.01 (3123102561 / 3808337975)
#12 349.8 [0m Update state (0x61) downloading, progress: 82.01 (3123102561 / 3808337975)
#12 351.8 [0m Update state (0x61) downloading, progress: 82.01 (3123102561 / 3808337975)
#12 353.8 [0m Update state (0x61) downloading, progress: 82.01 (3123102561 / 3808337975)
#12 355.8 [0m Update state (0x61) downloading, progress: 82.01 (3123102561 / 3808337975)
#12 357.8 [0m Update state (0x61) downloading, progress: 82.01 (3123102561 / 3808337975)
#12 359.8 [0m Update state (0x61) downloading, progress: 82.01 (3123102561 / 3808337975)
#12 361.8 [0m Update state (0x61) downloading, progress: 82.01 (3123102561 / 3808337975)
#12 363.8 [0m Update state (0x61) downloading, progress: 82.01 (3123102561 / 3808337975)
#12 365.8 [0m Update state (0x61) downloading, progress: 82.01 (3123102561 / 3808337975)
#12 367.8 [0m Update state (0x61) downloading, progress: 82.01 (3123102561 / 3808337975)
#12 369.9 [0m Update state (0x61) downloading, progress: 82.01 (3123102561 / 3808337975)
#12 371.9 [0m Update state (0x61) downloading, progress: 82.01 (3123102561 / 3808337975)
#12 373.9 [0m Update state (0x61) downloading, progress: 89.24 (3398496428 / 3808337975)
#12 375.9 [0m Update state (0x61) downloading, progress: 89.65 (3414048983 / 3808337975)
#12 377.9 [0m Update state (0x61) downloading, progress: 90.30 (3439086049 / 3808337975)
#12 379.9 [0m Update state (0x61) downloading, progress: 90.36 (3441183201 / 3808337975)
#12 381.9 [0m Update state (0x61) downloading, progress: 91.47 (3483561517 / 3808337975)
#12 383.9 [0m Update state (0x61) downloading, progress: 91.99 (3503294089 / 3808337975)
#12 385.9 [0m Update state (0x61) downloading, progress: 92.45 (3520930261 / 3808337975)
#12 387.9 [0m Update state (0x61) downloading, progress: 92.45 (3520930261 / 3808337975)
#12 389.9 [0m Update state (0x61) downloading, progress: 92.45 (3520930261 / 3808337975)
#12 391.9 [0m Update state (0x61) downloading, progress: 92.45 (3520930261 / 3808337975)
#12 393.9 [0m Update state (0x61) downloading, progress: 92.45 (3520930261 / 3808337975)
#12 395.9 [0m Update state (0x61) downloading, progress: 92.45 (3520930261 / 3808337975)
#12 397.9 [0m Update state (0x61) downloading, progress: 92.45 (3520930261 / 3808337975)
#12 399.9 [0m Update state (0x61) downloading, progress: 92.45 (3520930261 / 3808337975)
#12 402.0 [0m Update state (0x61) downloading, progress: 92.45 (3520930261 / 3808337975)
#12 404.0 [0m Update state (0x61) downloading, progress: 92.45 (3520930261 / 3808337975)
#12 406.0 [0m Update state (0x61) downloading, progress: 92.45 (3520930261 / 3808337975)
#12 408.0 [0m Update state (0x61) downloading, progress: 92.45 (3520930261 / 3808337975)
#12 410.0 [0m Update state (0x61) downloading, progress: 92.45 (3520930261 / 3808337975)
#12 412.0 [0m Update state (0x61) downloading, progress: 92.45 (3520930261 / 3808337975)
#12 414.0 [0m Update state (0x61) downloading, progress: 92.45 (3520930261 / 3808337975)
#12 416.0 [0m Update state (0x61) downloading, progress: 92.45 (3520930261 / 3808337975)
#12 418.0 [0m Update state (0x61) downloading, progress: 92.45 (3520930261 / 3808337975)
#12 420.0 [0m Update state (0x61) downloading, progress: 92.45 (3520930261 / 3808337975)
#12 422.0 [0m Update state (0x61) downloading, progress: 92.45 (3520930261 / 3808337975)
#12 424.0 [0m Update state (0x61) downloading, progress: 92.45 (3520930261 / 3808337975)
#12 426.0 [0m Update state (0x61) downloading, progress: 92.45 (3520930261 / 3808337975)
#12 428.0 [0m Update state (0x61) downloading, progress: 92.45 (3520930261 / 3808337975)
#12 430.0 [0m Update state (0x61) downloading, progress: 92.45 (3520930261 / 3808337975)
#12 432.1 [0m Update state (0x61) downloading, progress: 92.45 (3520930261 / 3808337975)
#12 434.1 [0m Update state (0x61) downloading, progress: 92.45 (3520930261 / 3808337975)
#12 436.1 [0m Update state (0x61) downloading, progress: 92.45 (3520930261 / 3808337975)
#12 438.1 [0m Update state (0x61) downloading, progress: 92.45 (3520930261 / 3808337975)
#12 440.1 [0m Update state (0x61) downloading, progress: 92.45 (3520930261 / 3808337975)
#12 442.1 [0m Update state (0x61) downloading, progress: 98.30 (3743771014 / 3808337975)
#12 444.1 [0m Update state (0x61) downloading, progress: 100.00 (3808337975 / 3808337975)
#12 446.1 [0m Update state (0x61) downloading, progress: 100.00 (3808337975 / 3808337975)
#12 448.1 [0m Update state (0x61) downloading, progress: 100.00 (3808337975 / 3808337975)
#12 450.1 [0m Update state (0x61) downloading, progress: 100.00 (3808337975 / 3808337975)
#12 452.1 [0m Update state (0x61) downloading, progress: 100.00 (3808337975 / 3808337975)
#12 454.1 [0m Update state (0x61) downloading, progress: 100.00 (3808337975 / 3808337975)
#12 456.1 [0m Update state (0x61) downloading, progress: 100.00 (3808337975 / 3808337975)
#12 458.1 [0m Update state (0x61) downloading, progress: 100.00 (3808337975 / 3808337975)
#12 460.2 [0m Update state (0x61) downloading, progress: 100.00 (3808337975 / 3808337975)
#12 462.2 [0m Update state (0x61) downloading, progress: 100.00 (3808337975 / 3808337975)
#12 464.2 [0m Update state (0x61) downloading, progress: 100.00 (3808337975 / 3808337975)
#12 466.2 [0m Update state (0x61) downloading, progress: 100.00 (3808337975 / 3808337975)
#12 468.2 [0m Update state (0x61) downloading, progress: 100.00 (3808337975 / 3808337975)
#12 470.2 [0m Update state (0x61) downloading, progress: 100.00 (3808337975 / 3808337975)
#12 472.2 [0m Update state (0x61) downloading, progress: 100.00 (3808337975 / 3808337975)
#12 474.2 [0m Update state (0x61) downloading, progress: 100.00 (3808337975 / 3808337975)
#12 476.2 [0m Update state (0x61) downloading, progress: 100.00 (3808337975 / 3808337975)
#12 478.2 [0m Update state (0x61) downloading, progress: 100.00 (3808337975 / 3808337975)
#12 480.2 [0m Update state (0x61) downloading, progress: 100.00 (3808337975 / 3808337975)
#12 482.2 [0m Update state (0x61) downloading, progress: 100.00 (3808337975 / 3808337975)
#12 484.2 [0m Update state (0x61) downloading, progress: 100.00 (3808337975 / 3808337975)
#12 486.2 [0m Update state (0x61) downloading, progress: 100.00 (3808337975 / 3808337975)
#12 488.3 [0m Update state (0x61) downloading, progress: 100.00 (3808337975 / 3808337975)
#12 490.3 [0m Update state (0x61) downloading, progress: 100.00 (3808337975 / 3808337975)
#12 492.3 [0m Update state (0x61) downloading, progress: 100.00 (3808337975 / 3808337975)
#12 494.3 [0m Update state (0x61) downloading, progress: 100.00 (3808337975 / 3808337975)
#12 496.3 [0m Update state (0x61) downloading, progress: 100.00 (3808337975 / 3808337975)
#12 498.3 [0m Update state (0x61) downloading, progress: 100.00 (3808337975 / 3808337975)
#12 500.3 [0m Update state (0x61) downloading, progress: 100.00 (3808337975 / 3808337975)
#12 502.3 [0m Update state (0x61) downloading, progress: 100.00 (3808337975 / 3808337975)
#12 504.3 [0msrc/tier1/fileio.cpp (6810) : Assertion Failed: Waited 6000 iterations in CFileWriter::Flush - m_cubOutstanding = 936
#12 506.3  Update state (0x61) downloading, progress: 100.00 (3808337975 / 3808337975)
#12 506.3 [0m Update state (0x61) downloading, progress: 100.00 (3808337975 / 3808337975)
#12 508.3 [0m Update state (0x61) downloading, progress: 100.00 (3808337975 / 3808337975)
#12 510.3 [0m Update state (0x61) downloading, progress: 100.00 (3808337975 / 3808337975)
#12 512.3 [0m Update state (0x61) downloading, progress: 100.00 (3808337975 / 3808337975)
#12 514.4 [0m Update state (0x61) downloading, progress: 100.00 (3808337975 / 3808337975)
#12 516.4 [0m Update state (0x61) downloading, progress: 100.00 (3808337975 / 3808337975)
#12 518.4 [0m Update state (0x61) downloading, progress: 100.00 (3808337975 / 3808337975)
#12 520.4 [0m Update state (0x61) downloading, progress: 100.00 (3808337975 / 3808337975)
#12 522.4 [0m Update state (0x61) downloading, progress: 100.00 (3808337975 / 3808337975)
#12 524.4 [0m Update state (0x61) downloading, progress: 100.00 (3808337975 / 3808337975)
#12 526.4 [0m Update state (0x61) downloading, progress: 100.00 (3808337975 / 3808337975)
#12 528.4 [0m Update state (0x61) downloading, progress: 100.00 (3808337975 / 3808337975)
#12 530.4 [0m Update state (0x61) downloading, progress: 100.00 (3808337975 / 3808337975)
#12 532.4 [0m Update state (0x61) downloading, progress: 100.00 (3808337975 / 3808337975)
#12 534.4 [0m Update state (0x61) downloading, progress: 100.00 (3808337975 / 3808337975)
#12 536.4 [0m Update state (0x61) downloading, progress: 100.00 (3808337975 / 3808337975)
#12 538.4 [0m Update state (0x61) downloading, progress: 100.00 (3808337975 / 3808337975)
#12 540.4 [0m Update state (0x61) downloading, progress: 100.00 (3808337975 / 3808337975)
#12 542.4 [0m Update state (0x61) downloading, progress: 100.00 (3808337975 / 3808337975)
#12 544.5 [0m Update state (0x61) downloading, progress: 100.00 (3808337975 / 3808337975)
#12 546.5 [0m Update state (0x61) downloading, progress: 100.00 (3808337975 / 3808337975)
#12 548.5 [0m Update state (0x61) downloading, progress: 100.00 (3808337975 / 3808337975)
#12 550.5 [0m Update state (0x81) verifying update, progress: 20.74 (789743940 / 3808337975)
#12 552.5 [0m Update state (0x0) unknown, progress: 0.00 (0 / 0)
#12 554.5 [0mSuccess! App '2394010' fully installed.
#12 554.5 [0mUnloading Steam API...[0mOK
#12 555.0 [0m
#12 DONE 615.5s

#13 [ 9/15] RUN rm -rf /home/steam/.steam/*
#13 DONE 5.6s

#14 [10/15] RUN rm -rf /home/steam/Steam/*
#14 DONE 5.2s

#15 [11/15] RUN rm -rf /home/steam/.local/share/Steam/*
#15 DONE 6.2s

#16 [12/15] RUN rm -rf /home/steam/steamcmd/steamapps/downloading/*
#16 DONE 6.3s

#17 [13/15] RUN rm -rf /home/steam/steamcmd/package/*
#17 DONE 7.8s

#18 [14/15] COPY --chown=steam:steam entrypoint.sh /entrypoint.sh
#18 DONE 3.9s

#19 [15/15] RUN chmod +x /entrypoint.sh
#19 DONE 7.5s

#20 exporting to image
#20 exporting layers
#20 exporting layers 114.2s done
#20 writing image sha256:75224641fe9f8692b0913594170b597d52d835ad4c1058a9d732497f347c3e1a 0.0s done
#20 naming to docker.io/library/palworld_server_steam:v0.0.1 0.1s done
#20 DONE 114.6s
[EXPORT] Saving docker image to offline repo...
[LINK] Updating 'latest' symlink...
[DONE] Build complete for version v0.0.1
Path: ../offline_repo/v0.0.1
[OK] Image build completed.
----------------------------------------------
[SUCCESS] Installation completed successfully.
[INFO] End Time : Wed Jan  7 07:35:18 AM UTC 2026
==============================================
 - Admin CLI : paladmin
 - Web UI    : http://<your-server-ip>:8443
 - Log File  : ./log/palserver-install.log
==============================================
==============================================
 Palworld Enterprise Server Installer
==============================================
[INFO] Start Time : Wed Jan  7 08:11:31 AM UTC 2026
[INFO] Executed By: k8s
[INFO] Base Dir   : /home/k8s/PalServer_ent
----------------------------------------------
[OK] Docker already installed.
[OK] Docker Compose already available.
